I'm getting this error installing kserve:

kserve : installing CRDs via Helm …
Pulled: ghcr.io/kserve/charts/kserve-crd:v0.16.0
Digest: sha256:a0e474cfb9bb641408a8247914d8449496905b2d32f44dcae328a5abf0445841
NAME: kserve-crd
LAST DEPLOYED: Wed Feb 25 12:03:18 2026
NAMESPACE: default
STATUS: deployed
REVISION: 1
DESCRIPTION: Install complete
TEST SUITE: None
kserve : installing controller via Helm …
Pulled: ghcr.io/kserve/charts/kserve:v0.16.0
Digest: sha256:46d78a58fff65902213a7254ec16520286baa81d33340c4a03f5263d846e2124
Error: INSTALLATION FAILED: Internal error occurred: failed calling webhook "clusterservingruntime.kserve-webhook-server.validator": failed to call webhook: Post "https://kserve-webhook-server-service.default.svc:443/validate-serving-kserve-io-v1alpha1-clusterservingruntime?timeout=10s": dial tcp 10.105.42.249:443: connect: connection refused
Internal error occurred: failed calling webhook "clusterservingruntime.kserve-webhook-server.validator": failed to call webhook: Post "https://kserve-webhook-server-service.default.svc:443/validate-serving-kserve-io-v1alpha1-clusterservingruntime?timeout=10s": dial tcp 10.105.42.249:443: connect: connection refused
Internal error occurred: failed calling webhook "clusterservingruntime.kserve-webhook-server.validator": failed to call webhook: Post "https://kserve-webhook-server-service.default.svc:443/validate-serving-kserve-io-v1alpha1-clusterservingruntime?timeout=10s": dial tcp 10.105.42.249:443: connect: connection refused
Internal error occurred: failed calling webhook "clusterservingruntime.kserve-webhook-server.validator": failed to call webhook: Post "https://kserve-webhook-server-service.default.svc:443/validate-serving-kserve-io-v1alpha1-clusterservingruntime?timeout=10s": dial tcp 10.105.42.249:443: connect: connection refused
Internal error occurred: failed calling webhook "clusterservingruntime.kserve-webhook-server.validator": failed to call webhook: Post "https://kserve-webhook-server-service.default.svc:443/validate-serving-kserve-io-v1alpha1-clusterservingruntime?timeout=10s": dial tcp 10.105.42.249:443: connect: connection refused
Internal error occurred: failed calling webhook "clusterservingruntime.kserve-webhook-server.validator": failed to call webhook: Post "https://kserve-webhook-server-service.default.svc:443/validate-serving-kserve-io-v1alpha1-clusterservingruntime?timeout=10s": dial tcp 10.105.42.249:443: connect: connection refused
Internal error occurred: failed calling webhook "clusterservingruntime.kserve-webhook-server.validator": failed to call webhook: Post "https://kserve-webhook-server-service.default.svc:443/validate-serving-kserve-io-v1alpha1-clusterservingruntime?timeout=10s": dial tcp 10.105.42.249:443: connect: connection refused
Internal error occurred: failed calling webhook "clusterservingruntime.kserve-webhook-server.validator": failed to call webhook: Post "https://kserve-webhook-server-service.default.svc:443/validate-serving-kserve-io-v1alpha1-clusterservingruntime?timeout=10s": dial tcp 10.105.42.249:443: connect: connection refused
Internal error occurred: failed calling webhook "clusterservingruntime.kserve-webhook-server.validator": failed to call webhook: Post "https://kserve-webhook-server-service.default.svc:443/validate-serving-kserve-io-v1alpha1-clusterservingruntime?timeout=10s": dial tcp 10.105.42.249:443: connect: connection refused
Internal error occurred: failed calling webhook "clusterservingruntime.kserve-webhook-server.validator": failed to call webhook: Post "https://kserve-webhook-server-service.default.svc:443/validate-serving-kserve-io-v1alpha1-clusterservingruntime?timeout=10s": dial tcp 10.105.42.249:443: connect: connection refused
Internal error occurred: failed calling webhook "clusterservingruntime.kserve-webhook-server.validator": failed to call webhook: Post "https://kserve-webhook-server-service.default.svc:443/validate-serving-kserve-io-v1alpha1-clusterservingruntime?timeout=10s": dial tcp 10.105.42.249:443: connect: connection refused
make[1]: *** [k8s-kserve] Error 1
make: *** [install] Error 2